# JRE version: OpenJDK Runtime Environment Microsoft-8035246 (17.0.8+7) (build 17.0.8+7-LTS)
# Java VM: OpenJDK 64-Bit Server VM Microsoft-8035246 (17.0.8+7-LTS, mixed mode, sharing, tiered, compressed oops, compressed class ptrs, g1 gc, windows-amd64)
GC Precious Log:
 CPUs: 4 total, 4 available
 Memory: 14263M
 Large Page Support: Disabled
 NUMA Support: Disabled
 Compressed Oops: Enabled (32-bit)
 Heap Region Size: 1M
 Heap Min Capacity: 8M
 Heap Initial Capacity: 224M
 Heap Max Capacity: 2G
 Pre-touch: Disabled
 Parallel Workers: 4
 Concurrent Workers: 1
 Concurrent Refinement Workers: 4
 Periodic GC: Disabled
Heap:
 garbage-first heap   total 357376K, used 225280K [0x0000000080000000, 0x0000000100000000)
  region size 1024K, 85 young (87040K), 13 survivors (13312K)
 Metaspace       used 97506K, committed 98496K, reserved 557056K
  class space    used 13641K, committed 14080K, reserved 425984K
GC Heap History (20 events):
Event: 25.496 GC heap before
{Heap before GC invocations=37 (full 0):
 garbage-first heap   total 147456K, used 92691K [0x0000000080000000, 0x0000000100000000)
  region size 1024K, 7 young (7168K), 5 survivors (5120K)
 Metaspace       used 70507K, committed 71232K, reserved 491520K
  class space    used 9848K, committed 10176K, reserved 425984K
}
Event: 25.499 GC heap after
{Heap after GC invocations=38 (full 0):
 garbage-first heap   total 147456K, used 91016K [0x0000000080000000, 0x0000000100000000)
  region size 1024K, 1 young (1024K), 1 survivors (1024K)
 Metaspace       used 70507K, committed 71232K, reserved 491520K
  class space    used 9848K, committed 10176K, reserved 425984K
}
Event: 25.987 GC heap before
{Heap before GC invocations=38 (full 0):
 garbage-first heap   total 147456K, used 118664K [0x0000000080000000, 0x0000000100000000)
  region size 1024K, 28 young (28672K), 1 survivors (1024K)
 Metaspace       used 72335K, committed 73088K, reserved 491520K
  class space    used 10098K, committed 10432K, reserved 425984K
}
Event: 25.990 GC heap after
{Heap after GC invocations=39 (full 0):
 garbage-first heap   total 147456K, used 92603K [0x0000000080000000, 0x0000000100000000)
  region size 1024K, 3 young (3072K), 3 survivors (3072K)
 Metaspace       used 72335K, committed 73088K, reserved 491520K
  class space    used 10098K, committed 10432K, reserved 425984K
}
Event: 26.543 GC heap before
{Heap before GC invocations=40 (full 0):
 garbage-first heap   total 155648K, used 116155K [0x0000000080000000, 0x0000000100000000)
  region size 1024K, 29 young (29696K), 3 survivors (3072K)
 Metaspace       used 74243K, committed 74944K, reserved 491520K
  class space    used 10322K, committed 10624K, reserved 425984K
}
Event: 26.546 GC heap after
{Heap after GC invocations=41 (full 0):
 garbage-first heap   total 155648K, used 89528K [0x0000000080000000, 0x0000000100000000)
  region size 1024K, 4 young (4096K), 4 survivors (4096K)
 Metaspace       used 74243K, committed 74944K, reserved 491520K
  class space    used 10322K, committed 10624K, reserved 425984K
}
Event: 26.583 GC heap before
{Heap before GC invocations=41 (full 0):
 garbage-first heap   total 155648K, used 92600K [0x0000000080000000, 0x0000000100000000)
  region size 1024K, 7 young (7168K), 4 survivors (4096K)
 Metaspace       used 74470K, committed 75200K, reserved 491520K
  class space    used 10364K, committed 10688K, reserved 425984K
}
Event: 26.586 GC heap after
{Heap after GC invocations=42 (full 0):
 garbage-first heap   total 155648K, used 88959K [0x0000000080000000, 0x0000000100000000)
  region size 1024K, 1 young (1024K), 1 survivors (1024K)
 Metaspace       used 74470K, committed 75200K, reserved 491520K
  class space    used 10364K, committed 10688K, reserved 425984K
}
Event: 26.938 GC heap before
{Heap before GC invocations=42 (full 0):
 garbage-first heap   total 155648K, used 124799K [0x0000000080000000, 0x0000000100000000)
  region size 1024K, 36 young (36864K), 1 survivors (1024K)
 Metaspace       used 76802K, committed 77568K, reserved 557056K
  class space    used 10688K, committed 11008K, reserved 425984K
}
Event: 26.941 GC heap after
{Heap after GC invocations=43 (full 0):
 garbage-first heap   total 155648K, used 90930K [0x0000000080000000, 0x0000000100000000)
  region size 1024K, 3 young (3072K), 3 survivors (3072K)
 Metaspace       used 76802K, committed 77568K, reserved 557056K
  class space    used 10688K, committed 11008K, reserved 425984K
}
Event: 27.258 GC heap before
{Heap before GC invocations=43 (full 0):
 garbage-first heap   total 155648K, used 126770K [0x0000000080000000, 0x0000000100000000)
  region size 1024K, 38 young (38912K), 3 survivors (3072K)
 Metaspace       used 76930K, committed 77632K, reserved 557056K
  class space    used 10700K, committed 11008K, reserved 425984K
}
Event: 27.262 GC heap after
{Heap after GC invocations=44 (full 0):
 garbage-first heap   total 155648K, used 93655K [0x0000000080000000, 0x0000000100000000)
  region size 1024K, 5 young (5120K), 5 survivors (5120K)
 Metaspace       used 76930K, committed 77632K, reserved 557056K
  class space    used 10700K, committed 11008K, reserved 425984K
}
Event: 31.971 GC heap before
{Heap before GC invocations=44 (full 0):
 garbage-first heap   total 155648K, used 127447K [0x0000000080000000, 0x0000000100000000)
  region size 1024K, 38 young (38912K), 5 survivors (5120K)
 Metaspace       used 78726K, committed 79488K, reserved 557056K
  class space    used 10960K, committed 11328K, reserved 425984K
}
Event: 31.977 GC heap after
{Heap after GC invocations=45 (full 0):
 garbage-first heap   total 357376K, used 95602K [0x0000000080000000, 0x0000000100000000)
  region size 1024K, 2 young (2048K), 2 survivors (2048K)
 Metaspace       used 78726K, committed 79488K, reserved 557056K
  class space    used 10960K, committed 11328K, reserved 425984K
}
Event: 34.845 GC heap before
{Heap before GC invocations=45 (full 0):
 garbage-first heap   total 357376K, used 275826K [0x0000000080000000, 0x0000000100000000)
  region size 1024K, 172 young (176128K), 2 survivors (2048K)
 Metaspace       used 87074K, committed 87872K, reserved 557056K
  class space    used 12241K, committed 12608K, reserved 425984K
}
Event: 34.858 GC heap after
{Heap after GC invocations=46 (full 0):
 garbage-first heap   total 357376K, used 115814K [0x0000000080000000, 0x0000000100000000)
  region size 1024K, 18 young (18432K), 18 survivors (18432K)
 Metaspace       used 87074K, committed 87872K, reserved 557056K
  class space    used 12241K, committed 12608K, reserved 425984K
}
Event: 38.475 GC heap before
{Heap before GC invocations=46 (full 0):
 garbage-first heap   total 357376K, used 279654K [0x0000000080000000, 0x0000000100000000)
  region size 1024K, 176 young (180224K), 18 survivors (18432K)
 Metaspace       used 94590K, committed 95488K, reserved 557056K
  class space    used 13283K, committed 13696K, reserved 425984K
}
Event: 38.498 GC heap after
{Heap after GC invocations=47 (full 0):
 garbage-first heap   total 357376K, used 142033K [0x0000000080000000, 0x0000000100000000)
  region size 1024K, 22 young (22528K), 22 survivors (22528K)
 Metaspace       used 94590K, committed 95488K, reserved 557056K
  class space    used 13283K, committed 13696K, reserved 425984K
}
Event: 40.997 GC heap before
{Heap before GC invocations=47 (full 0):
 garbage-first heap   total 357376K, used 274129K [0x0000000080000000, 0x0000000100000000)
  region size 1024K, 151 young (154624K), 22 survivors (22528K)
 Metaspace       used 97226K, committed 98112K, reserved 557056K
  class space    used 13585K, committed 14016K, reserved 425984K
}
Event: 41.018 GC heap after
{Heap after GC invocations=48 (full 0):
 garbage-first heap   total 357376K, used 153600K [0x0000000080000000, 0x0000000100000000)
  region size 1024K, 13 young (13312K), 13 survivors (13312K)
 Metaspace       used 97226K, committed 98112K, reserved 557056K
  class space    used 13585K, committed 14016K, reserved 425984K
}

